<?xml version="1.0" encoding="UTF-8"?>
<testng-results ignored="0" total="1" passed="1" failed="0" skipped="0">
  <reporter-output>
  </reporter-output>
  <suite started-at="2023-12-15T10:07:33 IST" name="Default suite" finished-at="2023-12-15T10:07:48 IST" duration-ms="15507">
    <groups>
    </groups>
    <test started-at="2023-12-15T10:07:33 IST" name="Default test" finished-at="2023-12-15T10:07:48 IST" duration-ms="15507">
      <class name="seleniumTask21.WindowHandlingTest">
        <test-method is-config="true" signature="setUp()[pri:0, instance:seleniumTask21.WindowHandlingTest@2a3b5b47]" started-at="2023-12-15T10:07:33 IST" name="setUp" finished-at="2023-12-15T10:07:38 IST" duration-ms="4832" status="PASS">
          <reporter-output>
          </reporter-output>
        </test-method> <!-- setUp -->
        <test-method signature="testWindowHandling()[pri:0, instance:seleniumTask21.WindowHandlingTest@2a3b5b47]" started-at="2023-12-15T10:07:38 IST" name="testWindowHandling" finished-at="2023-12-15T10:07:48 IST" duration-ms="10169" status="PASS">
          <reporter-output>
          </reporter-output>
        </test-method> <!-- testWindowHandling -->
        <test-method is-config="true" signature="tearDown()[pri:0, instance:seleniumTask21.WindowHandlingTest@2a3b5b47]" started-at="2023-12-15T10:07:48 IST" name="tearDown" finished-at="2023-12-15T10:07:48 IST" duration-ms="377" status="PASS">
          <reporter-output>
          </reporter-output>
        </test-method> <!-- tearDown -->
      </class> <!-- seleniumTask21.WindowHandlingTest -->
    </test> <!-- Default test -->
  </suite> <!-- Default suite -->
</testng-results>
